Tue Apr 23 2024 14:59:00 GMT+0530 (India Standard Time)
/
Tue Apr 23 2024 14:59:01 GMT+0530 (India Standard Time)
/style.css
Tue Apr 23 2024 14:59:01 GMT+0530 (India Standard Time)
/images/logo.png
Tue Apr 23 2024 14:59:01 GMT+0530 (India Standard Time)
/images/person-lines-fill.svg
Tue Apr 23 2024 14:59:01 GMT+0530 (India Standard Time)
/images/Cart.png
Tue Apr 23 2024 14:59:01 GMT+0530 (India Standard Time)
/images/login.png
Tue Apr 23 2024 14:59:01 GMT+0530 (India Standard Time)
/images/3.webp
Tue Apr 23 2024 14:59:01 GMT+0530 (India Standard Time)
/cart.js
Tue Apr 23 2024 14:59:01 GMT+0530 (India Standard Time)
/script.js
Tue Apr 23 2024 14:59:01 GMT+0530 (India Standard Time)
/images/2.webp
Tue Apr 23 2024 14:59:01 GMT+0530 (India Standard Time)
/images/1.webp
Tue Apr 23 2024 14:59:01 GMT+0530 (India Standard Time)
/images/4.webp
Tue Apr 23 2024 14:59:01 GMT+0530 (India Standard Time)
/images/00.webp
Tue Apr 23 2024 14:59:01 GMT+0530 (India Standard Time)
/images/01.webp
Tue Apr 23 2024 14:59:01 GMT+0530 (India Standard Time)
/images/02.webp
Tue Apr 23 2024 14:59:01 GMT+0530 (India Standard Time)
/images/03.webp
Tue Apr 23 2024 14:59:01 GMT+0530 (India Standard Time)
/images/04.webp
Tue Apr 23 2024 14:59:01 GMT+0530 (India Standard Time)
/images/05.webp
Tue Apr 23 2024 14:59:01 GMT+0530 (India Standard Time)
/images/07.webp
Tue Apr 23 2024 14:59:01 GMT+0530 (India Standard Time)
/images/06.webp
Tue Apr 23 2024 14:59:01 GMT+0530 (India Standard Time)
/images/shipping.png
Tue Apr 23 2024 14:59:01 GMT+0530 (India Standard Time)
/images/return.png
Tue Apr 23 2024 14:59:01 GMT+0530 (India Standard Time)
/images/gift.png
Tue Apr 23 2024 14:59:01 GMT+0530 (India Standard Time)
/images/twitter.png
Tue Apr 23 2024 14:59:01 GMT+0530 (India Standard Time)
/images/contact.png
Tue Apr 23 2024 14:59:01 GMT+0530 (India Standard Time)
/images/instagram.png
Tue Apr 23 2024 14:59:01 GMT+0530 (India Standard Time)
/images/facebook.png
Tue Apr 23 2024 14:59:01 GMT+0530 (India Standard Time)
/images/whatsapp.png
Tue Apr 23 2024 14:59:01 GMT+0530 (India Standard Time)
/images/headline.png
Tue Apr 23 2024 22:24:38 GMT+0530 (India Standard Time)
/categories
Tue Apr 23 2024 22:24:44 GMT+0530 (India Standard Time)
/feedback
Tue Apr 23 2024 22:24:47 GMT+0530 (India Standard Time)
/login
Tue Apr 23 2024 22:24:49 GMT+0530 (India Standard Time)
/Sign
Wed Apr 24 2024 03:03:29 GMT+0530 (India Standard Time)
/Sign
Wed Apr 24 2024 03:03:40 GMT+0530 (India Standard Time)
/sign
Wed Apr 24 2024 03:03:42 GMT+0530 (India Standard Time)
/login
Wed Apr 24 2024 03:03:55 GMT+0530 (India Standard Time)
/log
Wed Apr 24 2024 03:03:59 GMT+0530 (India Standard Time)
/categories
Wed Apr 24 2024 03:04:17 GMT+0530 (India Standard Time)
/feedback
Wed Apr 24 2024 03:04:37 GMT+0530 (India Standard Time)
/submit-feedback
Wed Apr 24 2024 03:04:46 GMT+0530 (India Standard Time)
/shirts
